2026-04-01 13:32:38 [background-preinit] INFO  o.h.validator.internal.util.Version - HV000001: Hibernate Validator 9.0.1.Final
2026-04-01 13:32:38 [main] INFO  c.t.d.StockTradingSystemApplication - Starting StockTradingSystemApplication using Java 21.0.2 with PID 27652 (F:\stock-trading-system_demo\BE_stock-trading-system\build\classes\java\main started by Asus in F:\stock-trading-system_demo\BE_stock-trading-system)
2026-04-01 13:32:38 [main] DEBUG c.t.d.StockTradingSystemApplication - Running with Spring Boot v4.0.3, Spring v7.0.5
2026-04-01 13:32:38 [main] INFO  c.t.d.StockTradingSystemApplication - No active profile set, falling back to 1 default profile: "default"
2026-04-01 13:32:39 [main] INFO  o.s.d.r.c.RepositoryConfigurationDelegate - Bootstrapping Spring Data JPA repositories in DEFAULT mode.
2026-04-01 13:32:39 [main] INFO  o.s.d.r.c.RepositoryConfigurationDelegate - Finished Spring Data repository scanning in 58 ms. Found 5 JPA repository interfaces.
2026-04-01 13:32:39 [main] INFO  o.s.boot.tomcat.TomcatWebServer - Tomcat initialized with port 8080 (http)
2026-04-01 13:32:39 [main] INFO  o.a.coyote.http11.Http11NioProtocol - Initializing ProtocolHandler ["http-nio-8080"]
2026-04-01 13:32:39 [main] INFO  o.a.catalina.core.StandardService - Starting service [Tomcat]
2026-04-01 13:32:39 [main] INFO  o.a.catalina.core.StandardEngine - Starting Servlet engine: [Apache Tomcat/11.0.18]
2026-04-01 13:32:39 [main] INFO  o.s.b.w.c.s.WebApplicationContextInitializer - Root WebApplicationContext: initialization completed in 1596 ms
2026-04-01 13:32:40 [main] DEBUG c.t.d.a.i.p.security.JwtAuthFilter - Filter 'jwtAuthFilter' configured for use
2026-04-01 13:32:40 [main] INFO  com.zaxxer.hikari.HikariDataSource - HikariPool-1 - Starting...
2026-04-01 13:32:40 [main] INFO  com.zaxxer.hikari.pool.HikariPool - HikariPool-1 - Added connection org.postgresql.jdbc.PgConnection@79273a4f
2026-04-01 13:32:40 [main] INFO  com.zaxxer.hikari.HikariDataSource - HikariPool-1 - Start completed.
2026-04-01 13:32:40 [main] INFO  org.flywaydb.core.FlywayExecutor - Database: jdbc:postgresql://localhost:5432/trading_system_db (PostgreSQL 15.17)
2026-04-01 13:32:40 [main] INFO  o.f.core.internal.command.DbValidate - Successfully validated 7 migrations (execution time 00:00.041s)
2026-04-01 13:32:40 [main] INFO  o.f.core.internal.command.DbMigrate - Current version of schema "public": 1.7
2026-04-01 13:32:40 [main] INFO  o.f.core.internal.command.DbMigrate - Schema "public" is up to date. No migration necessary.
2026-04-01 13:32:40 [main] INFO  org.hibernate.orm.jpa - HHH008540: Processing PersistenceUnitInfo [name: default]
2026-04-01 13:32:40 [main] INFO  org.hibernate.orm.core - HHH000001: Hibernate ORM core version 7.2.4.Final
2026-04-01 13:32:41 [main] INFO  o.s.o.j.p.SpringPersistenceUnitInfo - No LoadTimeWeaver setup: ignoring JPA class transformer
2026-04-01 13:32:41 [main] INFO  o.hibernate.orm.connections.pooling - HHH10001005: Database info:
	Database JDBC URL [jdbc:postgresql://localhost:5432/trading_system_db]
	Database driver: PostgreSQL JDBC Driver
	Database dialect: PostgreSQLDialect
	Database version: 15.17
	Default catalog/schema: trading_system_db/public
	Autocommit mode: undefined/unknown
	Isolation level: READ_COMMITTED [default READ_COMMITTED]
	JDBC fetch size: none
	Pool: DataSourceConnectionProvider
	Minimum pool size: undefined/unknown
	Maximum pool size: undefined/unknown
2026-04-01 13:32:42 [main] INFO  org.hibernate.orm.core - HHH000489: No JTA platform available (set 'hibernate.transaction.jta.platform' to enable JTA platform integration)
2026-04-01 13:32:42 [main] INFO  o.s.o.j.LocalContainerEntityManagerFactoryBean - Initialized JPA EntityManagerFactory for persistence unit 'default'
2026-04-01 13:32:42 [main] INFO  o.s.d.j.r.q.QueryEnhancerFactories - Hibernate is in classpath; If applicable, HQL parser will be used.
2026-04-01 13:32:43 [main] WARN  o.s.b.j.a.JpaBaseConfiguration$JpaWebConfiguration - spring.jpa.open-in-view is enabled by default. Therefore, database queries may be performed during view rendering. Explicitly configure spring.jpa.open-in-view to disable this warning
2026-04-01 13:32:44 [main] INFO  o.s.b.a.e.web.EndpointLinksResolver - Exposing 1 endpoint beneath base path '/actuator'
2026-04-01 13:32:44 [main] INFO  o.a.coyote.http11.Http11NioProtocol - Starting ProtocolHandler ["http-nio-8080"]
2026-04-01 13:32:44 [main] INFO  o.s.boot.tomcat.TomcatWebServer - Tomcat started on port 8080 (http) with context path '/'
2026-04-01 13:32:44 [main] INFO  c.t.d.StockTradingSystemApplication - Started StockTradingSystemApplication in 6.774 seconds (process running for 7.658)
2026-04-01 13:32:44 [RMI TCP Connection(2)-172.17.80.1] INFO  o.a.c.c.C.[Tomcat].[localhost].[/] - Initializing Spring DispatcherServlet 'dispatcherServlet'
2026-04-01 13:32:44 [RMI TCP Connection(2)-172.17.80.1] INFO  o.s.web.servlet.DispatcherServlet - Initializing Servlet 'dispatcherServlet'
2026-04-01 13:32:44 [RMI TCP Connection(2)-172.17.80.1] INFO  o.s.web.servlet.DispatcherServlet - Completed initialization in 3 ms
2026-04-01 13:36:00 [http-nio-8080-exec-9] INFO  c.t.d.a.i.p.security.JwtAuthFilter - Authorization: Bearer eyJhbGciOiJIUzI1NiJ9.eyJzdWIiOiJlMTBhMGQ0Ni05NjZmLTRiNDEtOTU3MS0yYWIzODY2YTQ3YjUiLCJyb2xlcyI6WyJVU0VSIl0sImlhdCI6MTc3NTAyNTIzNSwiZXhwIjoxNzc1MDI4ODM1fQ.ejIB9l5-KdBSGibC1bIba-lFN6vIuwsgInqJJFVpwFk
2026-04-01 13:36:00 [http-nio-8080-exec-9] INFO  c.t.d.a.i.p.security.JwtAuthFilter - TOKEN: eyJhbGciOiJIUzI1NiJ9.eyJzdWIiOiJlMTBhMGQ0Ni05NjZmLTRiNDEtOTU3MS0yYWIzODY2YTQ3YjUiLCJyb2xlcyI6WyJVU0VSIl0sImlhdCI6MTc3NTAyNTIzNSwiZXhwIjoxNzc1MDI4ODM1fQ.ejIB9l5-KdBSGibC1bIba-lFN6vIuwsgInqJJFVpwFk
2026-04-01 13:36:56 [http-nio-8080-exec-6] INFO  c.t.d.a.i.p.security.JwtAuthFilter - Authorization: Bearer eyJhbGciOiJIUzI1NiJ9.eyJzdWIiOiJlMTBhMGQ0Ni05NjZmLTRiNDEtOTU3MS0yYWIzODY2YTQ3YjUiLCJyb2xlcyI6WyJVU0VSIl0sImlhdCI6MTc3NTAyNTIzNSwiZXhwIjoxNzc1MDI4ODM1fQ.ejIB9l5-KdBSGibC1bIba-lFN6vIuwsgInqJJFVpwFk
2026-04-01 13:36:56 [http-nio-8080-exec-6] INFO  c.t.d.a.i.p.security.JwtAuthFilter - TOKEN: eyJhbGciOiJIUzI1NiJ9.eyJzdWIiOiJlMTBhMGQ0Ni05NjZmLTRiNDEtOTU3MS0yYWIzODY2YTQ3YjUiLCJyb2xlcyI6WyJVU0VSIl0sImlhdCI6MTc3NTAyNTIzNSwiZXhwIjoxNzc1MDI4ODM1fQ.ejIB9l5-KdBSGibC1bIba-lFN6vIuwsgInqJJFVpwFk
2026-04-01 13:43:25 [http-nio-8080-exec-3] INFO  c.t.d.a.i.p.security.JwtAuthFilter - Authorization: Bearer eyJhbGciOiJIUzI1NiJ9.eyJzdWIiOiJlMTBhMGQ0Ni05NjZmLTRiNDEtOTU3MS0yYWIzODY2YTQ3YjUiLCJyb2xlcyI6WyJVU0VSIl0sImlhdCI6MTc3NTAyNTc0NywiZXhwIjoxNzc1MDI5MzQ3fQ.HYgvWcrTz85S_veQ-k6MzQdpDbn4LaIXgkqk8YTE6i8
2026-04-01 13:43:25 [http-nio-8080-exec-3] INFO  c.t.d.a.i.p.security.JwtAuthFilter - TOKEN: eyJhbGciOiJIUzI1NiJ9.eyJzdWIiOiJlMTBhMGQ0Ni05NjZmLTRiNDEtOTU3MS0yYWIzODY2YTQ3YjUiLCJyb2xlcyI6WyJVU0VSIl0sImlhdCI6MTc3NTAyNTc0NywiZXhwIjoxNzc1MDI5MzQ3fQ.HYgvWcrTz85S_veQ-k6MzQdpDbn4LaIXgkqk8YTE6i8
2026-04-01 17:06:52 [SpringApplicationShutdownHook] INFO  o.s.boot.tomcat.GracefulShutdown - Commencing graceful shutdown. Waiting for active requests to complete
2026-04-01 17:06:52 [tomcat-shutdown] INFO  o.s.boot.tomcat.GracefulShutdown - Graceful shutdown complete
2026-04-01 17:06:52 [SpringApplicationShutdownHook] INFO  o.s.o.j.LocalContainerEntityManagerFactoryBean - Closing JPA EntityManagerFactory for persistence unit 'default'
2026-04-01 17:06:52 [SpringApplicationShutdownHook] INFO  com.zaxxer.hikari.HikariDataSource - HikariPool-1 - Shutdown initiated...
2026-04-01 17:06:52 [SpringApplicationShutdownHook] INFO  com.zaxxer.hikari.HikariDataSource - HikariPool-1 - Shutdown completed.
2026-04-01 23:30:11 [background-preinit] INFO  o.h.validator.internal.util.Version - HV000001: Hibernate Validator 9.0.1.Final
2026-04-01 23:30:11 [main] INFO  c.t.d.StockTradingSystemApplication - Starting StockTradingSystemApplication using Java 21.0.2 with PID 19188 (F:\stock-trading-system_demo\BE_stock-trading-system\build\classes\java\main started by Asus in F:\stock-trading-system_demo\BE_stock-trading-system)
2026-04-01 23:30:11 [main] DEBUG c.t.d.StockTradingSystemApplication - Running with Spring Boot v4.0.3, Spring v7.0.5
2026-04-01 23:30:11 [main] INFO  c.t.d.StockTradingSystemApplication - No active profile set, falling back to 1 default profile: "default"
2026-04-01 23:30:12 [main] INFO  o.s.d.r.c.RepositoryConfigurationDelegate - Bootstrapping Spring Data JPA repositories in DEFAULT mode.
2026-04-01 23:30:12 [main] INFO  o.s.d.r.c.RepositoryConfigurationDelegate - Finished Spring Data repository scanning in 73 ms. Found 5 JPA repository interfaces.
2026-04-01 23:30:13 [main] INFO  o.s.boot.tomcat.TomcatWebServer - Tomcat initialized with port 8080 (http)
2026-04-01 23:30:13 [main] INFO  o.a.coyote.http11.Http11NioProtocol - Initializing ProtocolHandler ["http-nio-8080"]
2026-04-01 23:30:13 [main] INFO  o.a.catalina.core.StandardService - Starting service [Tomcat]
2026-04-01 23:30:13 [main] INFO  o.a.catalina.core.StandardEngine - Starting Servlet engine: [Apache Tomcat/11.0.18]
2026-04-01 23:30:13 [main] INFO  o.s.b.w.c.s.WebApplicationContextInitializer - Root WebApplicationContext: initialization completed in 1979 ms
2026-04-01 23:30:13 [main] DEBUG c.t.d.a.i.p.security.JwtAuthFilter - Filter 'jwtAuthFilter' configured for use
2026-04-01 23:30:13 [main] INFO  com.zaxxer.hikari.HikariDataSource - HikariPool-1 - Starting...
2026-04-01 23:30:14 [main] INFO  com.zaxxer.hikari.pool.HikariPool - HikariPool-1 - Added connection org.postgresql.jdbc.PgConnection@1468e880
2026-04-01 23:30:14 [main] INFO  com.zaxxer.hikari.HikariDataSource - HikariPool-1 - Start completed.
2026-04-01 23:30:14 [main] INFO  org.flywaydb.core.FlywayExecutor - Database: jdbc:postgresql://localhost:5432/trading_system_db (PostgreSQL 15.17)
2026-04-01 23:30:14 [main] INFO  o.f.core.internal.command.DbValidate - Successfully validated 7 migrations (execution time 00:00.057s)
2026-04-01 23:30:14 [main] INFO  o.f.core.internal.command.DbMigrate - Current version of schema "public": 1.7
2026-04-01 23:30:14 [main] INFO  o.f.core.internal.command.DbMigrate - Schema "public" is up to date. No migration necessary.
2026-04-01 23:30:14 [main] INFO  org.hibernate.orm.jpa - HHH008540: Processing PersistenceUnitInfo [name: default]
2026-04-01 23:30:14 [main] INFO  org.hibernate.orm.core - HHH000001: Hibernate ORM core version 7.2.4.Final
2026-04-01 23:30:15 [main] INFO  o.s.o.j.p.SpringPersistenceUnitInfo - No LoadTimeWeaver setup: ignoring JPA class transformer
2026-04-01 23:30:15 [main] INFO  o.hibernate.orm.connections.pooling - HHH10001005: Database info:
	Database JDBC URL [jdbc:postgresql://localhost:5432/trading_system_db]
	Database driver: PostgreSQL JDBC Driver
	Database dialect: PostgreSQLDialect
	Database version: 15.17
	Default catalog/schema: trading_system_db/public
	Autocommit mode: undefined/unknown
	Isolation level: READ_COMMITTED [default READ_COMMITTED]
	JDBC fetch size: none
	Pool: DataSourceConnectionProvider
	Minimum pool size: undefined/unknown
	Maximum pool size: undefined/unknown
2026-04-01 23:30:16 [main] INFO  org.hibernate.orm.core - HHH000489: No JTA platform available (set 'hibernate.transaction.jta.platform' to enable JTA platform integration)
2026-04-01 23:30:16 [main] INFO  o.s.o.j.LocalContainerEntityManagerFactoryBean - Initialized JPA EntityManagerFactory for persistence unit 'default'
2026-04-01 23:30:16 [main] INFO  o.s.d.j.r.q.QueryEnhancerFactories - Hibernate is in classpath; If applicable, HQL parser will be used.
2026-04-01 23:30:18 [main] WARN  o.s.b.j.a.JpaBaseConfiguration$JpaWebConfiguration - spring.jpa.open-in-view is enabled by default. Therefore, database queries may be performed during view rendering. Explicitly configure spring.jpa.open-in-view to disable this warning
2026-04-01 23:30:18 [main] INFO  o.s.b.a.e.web.EndpointLinksResolver - Exposing 1 endpoint beneath base path '/actuator'
2026-04-01 23:30:18 [main] INFO  o.a.coyote.http11.Http11NioProtocol - Starting ProtocolHandler ["http-nio-8080"]
2026-04-01 23:30:18 [main] INFO  o.s.boot.tomcat.TomcatWebServer - Tomcat started on port 8080 (http) with context path '/'
2026-04-01 23:30:18 [main] INFO  c.t.d.StockTradingSystemApplication - Started StockTradingSystemApplication in 8.498 seconds (process running for 9.482)
2026-04-01 23:30:19 [RMI TCP Connection(3)-172.17.80.1] INFO  o.a.c.c.C.[Tomcat].[localhost].[/] - Initializing Spring DispatcherServlet 'dispatcherServlet'
2026-04-01 23:30:19 [RMI TCP Connection(3)-172.17.80.1] INFO  o.s.web.servlet.DispatcherServlet - Initializing Servlet 'dispatcherServlet'
2026-04-01 23:30:19 [RMI TCP Connection(3)-172.17.80.1] INFO  o.s.web.servlet.DispatcherServlet - Completed initialization in 3 ms
